<?xml version="1.0" encoding="UTF-8"?>
<testng-results ignored="0" total="1" passed="1" failed="0" skipped="0">
  <reporter-output>
  </reporter-output>
  <suite started-at="2023-07-06T11:17:52 IST" name="Default suite" finished-at="2023-07-06T11:17:58 IST" duration-ms="5886">
    <groups>
    </groups>
    <test started-at="2023-07-06T11:17:52 IST" name="Default test" finished-at="2023-07-06T11:17:58 IST" duration-ms="5886">
      <class name="one.Example1Test">
        <test-method signature="one()[pri:0, instance:one.Example1Test@6404f418]" started-at="2023-07-06T11:17:53 IST" name="one" finished-at="2023-07-06T11:17:58 IST" duration-ms="5788" status="PASS">
          <reporter-output>
          </reporter-output>
        </test-method> <!-- one -->
      </class> <!-- one.Example1Test -->
    </test> <!-- Default test -->
  </suite> <!-- Default suite -->
</testng-results>
